<?xml version="1.0" encoding="UTF-8"?>
<!-- Generated by org.testng.reporters.JUnitReportReporter -->
<testsuite hostname="DESKTOP-RNO8TUS" failures="0" tests="2" name="WMS.WMS_Main_Page" time="1.429" errors="0" timestamp="2023-05-25T09:43:55 AST" skipped="0">
  <testcase classname="WMS.WMS_Main_Page" name="Open_WMS" time="0.843"/>
  <system-out/>
  <testcase classname="WMS.WMS_Main_Page" name="Open_Admin_Page" time="0.586"/>
  <system-out/>
</testsuite> <!-- WMS.WMS_Main_Page -->
