<?xml version="1.0" encoding="UTF-8"?>
<!-- Generated by org.testng.reporters.JUnitReportReporter -->
<testsuite hostname="DESKTOP-RNO8TUS" failures="0" tests="1" name="restAssured.APIs" time="0.841" errors="0" timestamp="2023-06-06T14:26:36 AST" skipped="0">
  <testcase classname="restAssured.APIs" name="BINDataFromNAV" time="0.841"/>
  <system-out/>
</testsuite> <!-- restAssured.APIs -->
