<?xml version="1.0" encoding="UTF-8"?>
<!-- Generated by org.testng.reporters.JUnitReportReporter -->
<testsuite hostname="DESKTOP-RNO8TUS" failures="0" tests="2" name="WMS.WMS_Inventory_HomePage" time="9.082" errors="0" timestamp="2023-05-30T09:51:52 AST" skipped="0">
  <testcase classname="WMS.WMS_Inventory_HomePage" name="Navigate_to_login_page" time="1.617"/>
  <system-out/>
  <testcase classname="WMS.WMS_Inventory_HomePage" name="Login_As_Admin" time="7.465"/>
  <system-out/>
</testsuite> <!-- WMS.WMS_Inventory_HomePage -->
