<?xml version="1.0" encoding="UTF-8"?>
<!-- Generated by org.testng.reporters.JUnitReportReporter -->
<testsuite hostname="DESKTOP-RNO8TUS" failures="0" tests="1" name="Package1.Men_Class" time="5.214" errors="0" timestamp="2023-05-01T11:12:22 AST" skipped="0">
  <testcase classname="Package1.Men_Class" name="Open_MEN" time="5.214"/>
  <system-out/>
</testsuite> <!-- Package1.Men_Class -->
