<?xml version="1.0" encoding="UTF-8"?>
<!-- Generated by org.testng.reporters.JUnitReportReporter -->
<testsuite hostname="DESKTOP-RNO8TUS" failures="0" tests="2" name="WMS.WMS_Admin_HomePage" time="1.633" errors="0" timestamp="2023-05-27T15:32:25 AST" skipped="0">
  <testcase classname="WMS.WMS_Admin_HomePage" name="Navigate_to_admin_login_page" time="1.633"/>
  <system-out/>
  <testcase classname="WMS.WMS_Admin_HomePage" name="Login_As_Admin" time="0.000"/>
  <system-out/>
</testsuite> <!-- WMS.WMS_Admin_HomePage -->
