<?xml version="1.0" encoding="UTF-8"?>
<!-- Generated by org.testng.reporters.JUnitReportReporter -->
<testsuite hostname="DESKTOP-RNO8TUS" failures="0" tests="8" name="WMS.WMS_ADD_NEW_USER" time="11.049" errors="0" timestamp="2023-05-30T16:10:55 AST" skipped="0">
  <testcase classname="WMS.WMS_ADD_NEW_USER" name="Open_Login_page" time="1.353"/>
  <system-out/>
  <testcase classname="WMS.WMS_ADD_NEW_USER" name="Login" time="1.601"/>
  <system-out/>
  <testcase classname="WMS.WMS_ADD_NEW_USER" name="Open_User_Master_Page" time="1.030"/>
  <system-out/>
  <testcase classname="WMS.WMS_ADD_NEW_USER" name="Create_new_record" time="3.071"/>
  <system-out/>
  <testcase classname="WMS.WMS_ADD_NEW_USER" name="Add_user_credentials" time="0.116"/>
  <system-out/>
  <testcase classname="WMS.WMS_ADD_NEW_USER" name="Choose_User_Type" time="3.609"/>
  <system-out/>
  <testcase classname="WMS.WMS_ADD_NEW_USER" name="Choose_user_store" time="0.198"/>
  <system-out/>
  <testcase classname="WMS.WMS_ADD_NEW_USER" name="Check_boxes" time="0.071"/>
  <system-out/>
</testsuite> <!-- WMS.WMS_ADD_NEW_USER -->
