<?xml version="1.0" encoding="UTF-8"?>
<!-- Generated by org.testng.reporters.JUnitReportReporter -->
<testsuite hostname="DESKTOP-RNO8TUS" failures="0" tests="2" name="WMS.WMS_Admin_LoginPage" time="6.068" errors="0" timestamp="2023-05-29T15:46:57 AST" skipped="0">
  <testcase classname="WMS.WMS_Admin_LoginPage" name="Open_WMS" time="2.919"/>
  <system-out/>
  <testcase classname="WMS.WMS_Admin_LoginPage" name="Navigate_to_Admin_LoginPage" time="3.149"/>
  <system-out/>
</testsuite> <!-- WMS.WMS_Admin_LoginPage -->
