<?xml version="1.0" encoding="UTF-8"?>
<!-- Generated by org.testng.reporters.JUnitReportReporter -->
<testsuite hostname="DESKTOP-RNO8TUS" failures="0" tests="9" name="WMS.Duplicate_User_Creation" time="48.200" errors="0" timestamp="2023-06-11T12:53:09 AST" skipped="0">
  <testcase classname="WMS.Duplicate_User_Creation" name="Open_Login_page" time="1.856"/>
  <system-out/>
  <testcase classname="WMS.Duplicate_User_Creation" name="Login" time="2.060"/>
  <system-out/>
  <testcase classname="WMS.Duplicate_User_Creation" name="Open_User_Master_Page" time="0.743"/>
  <system-out/>
  <testcase classname="WMS.Duplicate_User_Creation" name="Create_new_record" time="3.069"/>
  <system-out/>
  <testcase classname="WMS.Duplicate_User_Creation" name="Add_user_credentials" time="0.127"/>
  <system-out/>
  <testcase classname="WMS.Duplicate_User_Creation" name="Choose_User_Type" time="1.300"/>
  <system-out/>
  <testcase classname="WMS.Duplicate_User_Creation" name="Choose_user_store" time="3.217"/>
  <system-out/>
  <testcase classname="WMS.Duplicate_User_Creation" name="Check_boxes" time="0.075"/>
  <system-out/>
  <testcase classname="WMS.Duplicate_User_Creation" name="submit" time="35.753"/>
  <system-out/>
</testsuite> <!-- WMS.Duplicate_User_Creation -->
