<?xml version="1.0" encoding="UTF-8"?>
<!-- Generated by org.testng.reporters.JUnitReportReporter -->
<testsuite hostname="DESKTOP-RNO8TUS" failures="0" tests="2" name="WMS.WMS_Mobile_Page" time="3.403" errors="0" timestamp="2023-05-25T10:35:46 AST" skipped="0">
  <testcase classname="WMS.WMS_Mobile_Page" name="Open_WMS" time="3.113"/>
  <system-out/>
  <testcase classname="WMS.WMS_Mobile_Page" name="Open_Mobile_Page" time="0.290"/>
  <system-out/>
</testsuite> <!-- WMS.WMS_Mobile_Page -->
