<?xml version="1.0" encoding="UTF-8"?>
<!-- Generated by org.testng.reporters.JUnitReportReporter -->
<testsuite hostname="DESKTOP-RNO8TUS" failures="0" tests="1" name="restAssured.APIs" time="0.537" errors="0" timestamp="2023-06-11T13:53:44 AST" skipped="0">
  <testcase classname="restAssured.APIs" name="DOCLiST" time="0.537"/>
  <system-out/>
</testsuite> <!-- restAssured.APIs -->
