<?xml version="1.0" encoding="UTF-8"?>
<!-- Generated by org.testng.reporters.JUnitReportReporter -->
<testsuite hostname="DESKTOP-RNO8TUS" failures="0" tests="1" name="restAssured.APIs" time="1.104" errors="0" timestamp="2023-06-12T16:12:18 AST" skipped="0">
  <testcase classname="restAssured.APIs" name="BIN_SCAN" time="1.104"/>
  <system-out/>
</testsuite> <!-- restAssured.APIs -->
