<?xml version="1.0" encoding="UTF-8"?>
<!-- Generated by org.testng.reporters.JUnitReportReporter -->
<testsuite hostname="DESKTOP-RNO8TUS" failures="0" tests="9" name="WMS.Duplicate_User_Creation" time="39.642" errors="0" timestamp="2023-06-05T11:50:00 AST" skipped="0">
  <testcase classname="WMS.Duplicate_User_Creation" name="Open_Login_page" time="2.081"/>
  <system-out/>
  <testcase classname="WMS.Duplicate_User_Creation" name="Login" time="2.334"/>
  <system-out/>
  <testcase classname="WMS.Duplicate_User_Creation" name="Open_User_Master_Page" time="0.915"/>
  <system-out/>
  <testcase classname="WMS.Duplicate_User_Creation" name="Create_new_record" time="3.180"/>
  <system-out/>
  <testcase classname="WMS.Duplicate_User_Creation" name="Add_user_credentials" time="0.232"/>
  <system-out/>
  <testcase classname="WMS.Duplicate_User_Creation" name="Choose_User_Type" time="1.678"/>
  <system-out/>
  <testcase classname="WMS.Duplicate_User_Creation" name="Choose_user_store" time="0.282"/>
  <system-out/>
  <testcase classname="WMS.Duplicate_User_Creation" name="Check_boxes" time="0.137"/>
  <system-out/>
  <testcase classname="WMS.Duplicate_User_Creation" name="submit" time="28.803"/>
  <system-out/>
</testsuite> <!-- WMS.Duplicate_User_Creation -->
