<?xml version="1.0" encoding="UTF-8"?>
<!-- Generated by org.testng.reporters.JUnitReportReporter -->
<testsuite hostname="DESKTOP-RNO8TUS" failures="0" tests="1" name="WMS_ADD_NEW_USER" time="96.097" errors="0" timestamp="2023-05-27T11:03:03 AST" skipped="0">
  <testcase classname="WMS_ADD_NEW_USER" name="add_new_user" time="96.097"/>
  <system-out/>
</testsuite> <!-- WMS_ADD_NEW_USER -->
